<?xml version="1.0" encoding="UTF-8"?>
<robot generator="Robot 3.2.1 (Python 3.7.3 on win32)" generated="20200819 10:31:25.010" rpa="false">
<suite id="s1" name="FunctionalTestSuite" source="C:\Rohit\Rohit Projects\Github Projects\UiTestAutomation\Tests\Kindeeds\FunctionalTestSuite">
<suite id="s1-s1" name="1 HomePageVerificationTests" source="C:\Rohit\Rohit Projects\Github Projects\UiTestAutomation\Tests\Kindeeds\FunctionalTestSuite\1_HomePageVerificationTests.robot">
<kw name="Start Suite" library="Common" type="setup">
<kw name="Load Home Page" library="Kindeeds">
<kw name="Open Homepage" library="HomePage">
<kw name="Open Browser" library="SeleniumLibrary">
<doc>Opens a new browser instance to the optional ``url``.</doc>
<arguments>
<arg>${BASE_URL}</arg>
<arg>${BROWSER}</arg>
</arguments>
<msg timestamp="20200819 10:31:34.612" level="INFO">Opening browser 'chrome' to base url 'http://localhost:8000'.</msg>
<status status="PASS" starttime="20200819 10:31:34.611" endtime="20200819 10:31:55.448"></status>
</kw>
<status status="PASS" starttime="20200819 10:31:34.611" endtime="20200819 10:31:55.448"></status>
</kw>
<kw name="Accept Cookies" library="HomePage">
<kw name="Wait Until Page Contains Element" library="SeleniumLibrary">
<doc>Waits until the element ``locator`` appears on the current page.</doc>
<arguments>
<arg>${HomePageAcceptCookiesButton}</arg>
</arguments>
<kw name="Capture Page Screenshot" library="SeleniumLibrary">
<doc>Takes a screenshot of the current page and embeds it into a log file.</doc>
<msg timestamp="20200819 10:32:00.798" level="INFO" html="yes">&lt;/td&gt;&lt;/tr&gt;&lt;tr&gt;&lt;td colspan="3"&gt;&lt;a href="selenium-screenshot-3.png"&gt;&lt;img src="selenium-screenshot-3.png" width="800px"&gt;&lt;/a&gt;</msg>
<status status="PASS" starttime="20200819 10:32:00.452" endtime="20200819 10:32:00.799"></status>
</kw>
<msg timestamp="20200819 10:32:00.815" level="FAIL">Element 'xpath=//button[contains(text(),"Accept")]' did not appear in 5 seconds.</msg>
<status status="FAIL" starttime="20200819 10:31:55.449" endtime="20200819 10:32:00.815"></status>
</kw>
<status status="FAIL" starttime="20200819 10:31:55.449" endtime="20200819 10:32:00.816"></status>
</kw>
<status status="FAIL" starttime="20200819 10:31:34.610" endtime="20200819 10:32:00.816"></status>
</kw>
<status status="FAIL" starttime="20200819 10:31:34.610" endtime="20200819 10:32:00.816"></status>
</kw>
<test id="s1-s1-t1" name="Verify Home Page Functionalities">
<doc>Check the homepage has loads fine and the links/buttons are working correctly</doc>
<tags>
<tag>give-get</tag>
<tag>regression</tag>
</tags>
<status status="FAIL" starttime="20200819 10:32:00.817" endtime="20200819 10:32:00.818" critical="yes">Parent suite setup failed:
Element 'xpath=//button[contains(text(),"Accept")]' did not appear in 5 seconds.</status>
</test>
<kw name="End Suite" library="Common" type="teardown">
<kw name="Close All Browsers" library="SeleniumLibrary">
<doc>Closes all open browsers and resets the browser cache.</doc>
<status status="PASS" starttime="20200819 10:32:00.821" endtime="20200819 10:32:20.207"></status>
</kw>
<status status="PASS" starttime="20200819 10:32:00.820" endtime="20200819 10:32:20.207"></status>
</kw>
<status status="FAIL" starttime="20200819 10:31:25.693" endtime="20200819 10:32:20.207">Suite setup failed:
Element 'xpath=//button[contains(text(),"Accept")]' did not appear in 5 seconds.</status>
</suite>
<suite id="s1-s2" name="2 LoginFunctionality" source="C:\Rohit\Rohit Projects\Github Projects\UiTestAutomation\Tests\Kindeeds\FunctionalTestSuite\2_LoginFunctionality.robot">
<kw name="Start Suite" library="Common" type="setup">
<kw name="Load Home Page" library="Kindeeds">
<kw name="Open Homepage" library="HomePage">
<kw name="Open Browser" library="SeleniumLibrary">
<doc>Opens a new browser instance to the optional ``url``.</doc>
<arguments>
<arg>${BASE_URL}</arg>
<arg>${BROWSER}</arg>
</arguments>
<msg timestamp="20200819 10:32:20.715" level="INFO">Opening browser 'chrome' to base url 'http://localhost:8000'.</msg>
<status status="PASS" starttime="20200819 10:32:20.714" endtime="20200819 10:32:52.019"></status>
</kw>
<status status="PASS" starttime="20200819 10:32:20.713" endtime="20200819 10:32:52.019"></status>
</kw>
<kw name="Accept Cookies" library="HomePage">
<kw name="Wait Until Page Contains Element" library="SeleniumLibrary">
<doc>Waits until the element ``locator`` appears on the current page.</doc>
<arguments>
<arg>${HomePageAcceptCookiesButton}</arg>
</arguments>
<kw name="Capture Page Screenshot" library="SeleniumLibrary">
<doc>Takes a screenshot of the current page and embeds it into a log file.</doc>
<msg timestamp="20200819 10:32:57.478" level="INFO" html="yes">&lt;/td&gt;&lt;/tr&gt;&lt;tr&gt;&lt;td colspan="3"&gt;&lt;a href="selenium-screenshot-4.png"&gt;&lt;img src="selenium-screenshot-4.png" width="800px"&gt;&lt;/a&gt;</msg>
<status status="PASS" starttime="20200819 10:32:57.118" endtime="20200819 10:32:57.479"></status>
</kw>
<msg timestamp="20200819 10:32:57.480" level="FAIL">Element 'xpath=//button[contains(text(),"Accept")]' did not appear in 5 seconds.</msg>
<status status="FAIL" starttime="20200819 10:32:52.020" endtime="20200819 10:32:57.480"></status>
</kw>
<status status="FAIL" starttime="20200819 10:32:52.019" endtime="20200819 10:32:57.480"></status>
</kw>
<status status="FAIL" starttime="20200819 10:32:20.713" endtime="20200819 10:32:57.481"></status>
</kw>
<status status="FAIL" starttime="20200819 10:32:20.712" endtime="20200819 10:32:57.481"></status>
</kw>
<test id="s1-s2-t1" name="Invalid Login">
<doc>Check login with Invalid / Unregistered Email id</doc>
<tags>
<tag>give-get</tag>
<tag>regression</tag>
</tags>
<status status="FAIL" starttime="20200819 10:32:57.481" endtime="20200819 10:32:57.482" critical="yes">Parent suite setup failed:
Element 'xpath=//button[contains(text(),"Accept")]' did not appear in 5 seconds.</status>
</test>
<test id="s1-s2-t2" name="Valid Login">
<tags>
<tag>give-get</tag>
<tag>regression</tag>
</tags>
<status status="FAIL" starttime="20200819 10:32:57.485" endtime="20200819 10:32:57.486" critical="yes">Parent suite setup failed:
Element 'xpath=//button[contains(text(),"Accept")]' did not appear in 5 seconds.</status>
</test>
<kw name="End Suite" library="Common" type="teardown">
<kw name="Close All Browsers" library="SeleniumLibrary">
<doc>Closes all open browsers and resets the browser cache.</doc>
<status status="PASS" starttime="20200819 10:32:57.489" endtime="20200819 10:33:01.594"></status>
</kw>
<status status="PASS" starttime="20200819 10:32:57.488" endtime="20200819 10:33:01.594"></status>
</kw>
<status status="FAIL" starttime="20200819 10:32:20.478" endtime="20200819 10:33:01.594">Suite setup failed:
Element 'xpath=//button[contains(text(),"Accept")]' did not appear in 5 seconds.</status>
</suite>
<status status="FAIL" starttime="20200819 10:31:25.072" endtime="20200819 10:33:01.598"></status>
</suite>
<statistics>
<total>
<stat pass="0" fail="3">Critical Tests</stat>
<stat pass="0" fail="3">All Tests</stat>
</total>
<tag>
<stat pass="0" fail="3">give-get</stat>
<stat pass="0" fail="3">regression</stat>
</tag>
<suite>
<stat pass="0" fail="3" id="s1" name="FunctionalTestSuite">FunctionalTestSuite</stat>
<stat pass="0" fail="1" id="s1-s1" name="1 HomePageVerificationTests">FunctionalTestSuite.1 HomePageVerificationTests</stat>
<stat pass="0" fail="2" id="s1-s2" name="2 LoginFunctionality">FunctionalTestSuite.2 LoginFunctionality</stat>
</suite>
</statistics>
<errors>
</errors>
</robot>
